/home/kcollins9/data/tdse/tdse-prob-density/tdse-prob-density-pyscript

     active environment : work062022
    active env location : /data/kcollins9/miniforge3/envs/work062022
            shell level : 2
       user config file : /home/kcollins9/.condarc
 populated config files : /data/kcollins9/miniforge3/.condarc
                          /data/kcollins9/miniforge3/envs/work062022/.condarc
          conda version : 4.13.0
    conda-build version : not installed
         python version : 3.10.4.final.0
       virtual packages : __cuda=11.7=0
                          __linux=4.18.0=0
                          __glibc=2.28=0
                          __unix=0=0
                          __archspec=1=x86_64
       base environment : /data/kcollins9/miniforge3  (writable)
      conda av data dir : /data/kcollins9/miniforge3/etc/conda
  conda av metadata url : None
           channel URLs : https://conda.anaconda.org/conda-forge/linux-64
                          https://conda.anaconda.org/conda-forge/noarch
          package cache : /data/kcollins9/miniforge3/pkgs
                          /home/kcollins9/.conda/pkgs
       envs directories : /data/kcollins9/miniforge3/envs
                          /home/kcollins9/.conda/envs
               platform : linux-64
             user-agent : conda/4.13.0 requests/2.27.1 CPython/3.10.4 Linux/4.18.0-372.9.1.el8.x86_64 rhel/8.6 glibc/2.28
                UID:GID : 100159:100010
             netrc file : None
           offline mode : False

# conda environments:
#
base                     /data/kcollins9/miniforge3
work062022            *  /data/kcollins9/miniforge3/envs/work062022

sys.version: 3.10.4 | packaged by conda-forge | (main...
sys.prefix: /data/kcollins9/miniforge3
sys.executable: /data/kcollins9/miniforge3/bin/python
conda location: /data/kcollins9/miniforge3/lib/python3.10/site-packages/conda
conda-build: None
conda-env: /data/kcollins9/miniforge3/bin/conda-env
user site dirs: 

CIO_TEST: <not set>
CONDA_DEFAULT_ENV: work062022
CONDA_EXE: /data/kcollins9/miniforge3/bin/conda
CONDA_PREFIX: /data/kcollins9/miniforge3/envs/work062022
CONDA_PREFIX_1: /data/kcollins9/miniforge3
CONDA_PROMPT_MODIFIER: (work062022) 
CONDA_PYTHON_EXE: /data/kcollins9/miniforge3/bin/python
CONDA_ROOT: /data/kcollins9/miniforge3
CONDA_SHLVL: 2
CURL_CA_BUNDLE: <not set>
MANPATH: /usr/share/lmod/lmod/share/man:
MODULEPATH: /etc/scl/modulefiles:/etc/modulefiles:/usr/share/modulefiles:/opt/modulefiles
PATH: /data/kcollins9/miniforge3/envs/work062022/bin:/data/kcollins9/miniforge3/condabin:/home/kcollins9/.local/bin:/home/kcollins9/bin:/usr/local/bin:/usr/bin:/usr/local/sbin:/usr/sbin
REQUESTS_CA_BUNDLE: <not set>
SSL_CERT_FILE: <not set>

Computational parameters set.
Done with forward problem.
Training data generated.
(65, 65)
6.500660290808488e-32
1.9697319062089098e-18
Warning: Maximum number of iterations has been exceeded.
         Current function value: 0.000003
         Iterations: 1000
         Function evaluations: 1012
         Gradient evaluations: 1012
thisfname
l2 error of shifted adj potential:
268.38886463642586
l2 error of shifted and trimmed adj potential:
12.447289941400463
l-inf error of shifted and trimmed adj potential:
0.35108582014726925
